Config of the encoder: <class 'transformers.models.vit.modeling_vit.ViTModel'> is overwritten by shared encoder config: ViTConfig {
  "attention_probs_dropout_prob": 0.0,
  "encoder_stride": 16,
  "hidden_act": "gelu",
  "hidden_dropout_prob": 0.0,
  "hidden_size": 768,
  "image_size": 384,
  "initializer_range": 0.02,
  "intermediate_size": 3072,
  "layer_norm_eps": 1e-12,
  "model_type": "vit",
  "num_attention_heads": 12,
  "num_channels": 3,
  "num_hidden_layers": 12,
  "patch_size": 16,
  "pooler_act": "tanh",
  "pooler_output_size": 768,
  "qkv_bias": false,
  "torch_dtype": "float32",
  "transformers_version": "4.51.1"
}

Config of the decoder: <class 'transformers.models.trocr.modeling_trocr.TrOCRForCausalLM'> is overwritten by shared decoder config: TrOCRConfig {
  "activation_dropout": 0.0,
  "activation_function": "relu",
  "add_cross_attention": true,
  "attention_dropout": 0.0,
  "bos_token_id": 0,
  "classifier_dropout": 0.0,
  "cross_attention_hidden_size": 768,
  "d_model": 1024,
  "decoder_attention_heads": 16,
  "decoder_ffn_dim": 4096,
  "decoder_layerdrop": 0.0,
  "decoder_layers": 12,
  "decoder_start_token_id": 2,
  "dropout": 0.1,
  "eos_token_id": 2,
  "init_std": 0.02,
  "is_decoder": true,
  "layernorm_embedding": false,
  "max_position_embeddings": 1024,
  "model_type": "trocr",
  "pad_token_id": 1,
  "scale_embedding": true,
  "tie_word_embeddings": false,
  "torch_dtype": "float32",
  "transformers_version": "4.51.1",
  "use_cache": false,
  "use_learned_position_embeddings": false,
  "vocab_size": 50265
}

Training Procedure: 100%|████████████████████████████████████████████████████████████████████████████████████| 345/345 [09:40<00:00,  1.68s/it]
Training Procedure: 100%|████████████████████████████████████████████████████████████████████████████████████| 345/345 [09:40<00:00,  1.68s/it]
Loss Epoch: 1 Value: 138.16395265779633
Updated
Training Procedure: 100%|████████████████████████████████████████████████████████████████████████████████████| 345/345 [09:41<00:00,  1.69s/it]
Loss Epoch: 2 Value: 115.89523844269739
Updated
Training Procedure: 100%|████████████████████████████████████████████████████████████████████████████████████| 345/345 [09:41<00:00,  1.69s/it]
Loss Epoch: 3 Value: 96.17785687688468
Updated
Training Procedure: 100%|████████████████████████████████████████████████████████████████████████████████████| 345/345 [09:41<00:00,  1.69s/it]
Loss Epoch: 4 Value: 86.87697279902471
Updated
Training Procedure: 100%|████████████████████████████████████████████████████████████████████████████████████| 345/345 [09:41<00:00,  1.69s/it]
Loss Epoch: 5 Value: 82.79334894194119
Updated
Training Procedure: 100%|████████████████████████████████████████████████████████████████████████████████████| 345/345 [09:41<00:00,  1.69s/it]
Loss Epoch: 6 Value: 77.56935790414396
Updated
Training Procedure: 100%|████████████████████████████████████████████████████████████████████████████████████| 345/345 [09:41<00:00,  1.68s/it]
Loss Epoch: 7 Value: 74.27063463805378
Updated
Training Procedure: 100%|████████████████████████████████████████████████████████████████████████████████████| 345/345 [09:40<00:00,  1.68s/it]
Loss Epoch: 8 Value: 72.03294163130332
Updated
Training Procedure: 100%|████████████████████████████████████████████████████████████████████████████████████| 345/345 [09:41<00:00,  1.68s/it]
Loss Epoch: 9 Value: 70.21136786471243
Updated
Training Procedure: 100%|████████████████████████████████████████████████████████████████████████████████████| 345/345 [09:41<00:00,  1.68s/it]
Loss Epoch: 10 Value: 68.76799858894901
Updated
Training Procedure: 100%|████████████████████████████████████████████████████████████████████████████████████| 345/345 [09:41<00:00,  1.68s/it]
Loss Epoch: 11 Value: 67.57940253883169
Updated
Training Procedure: 100%|████████████████████████████████████████████████████████████████████████████████████| 345/345 [09:41<00:00,  1.68s/it]
Loss Epoch: 12 Value: 66.50179454433746
Updated
Training Procedure: 100%|████████████████████████████████████████████████████████████████████████████████████| 345/345 [09:41<00:00,  1.68s/it]
Loss Epoch: 13 Value: 65.55810277289238
Updated
Training Procedure: 100%|████████████████████████████████████████████████████████████████████████████████████| 345/345 [09:41<00:00,  1.68s/it]
Loss Epoch: 14 Value: 64.66203495903292
Updated
Training Procedure: 100%|████████████████████████████████████████████████████████████████████████████████████| 345/345 [09:39<00:00,  1.68s/it]
Loss Epoch: 15 Value: 63.830541285051815
Updated
Training Procedure: 100%|████████████████████████████████████████████████████████████████████████████████████| 345/345 [09:41<00:00,  1.68s/it]
Loss Epoch: 16 Value: 63.01748964250952
Updated
Training Procedure: 100%|████████████████████████████████████████████████████████████████████████████████████| 345/345 [09:40<00:00,  1.68s/it]
Loss Epoch: 17 Value: 62.08676395381706
Updated
Training Procedure: 100%|████████████████████████████████████████████████████████████████████████████████████| 345/345 [09:40<00:00,  1.68s/it]
Loss Epoch: 18 Value: 61.027880434540734
Updated
Training Procedure: 100%|████████████████████████████████████████████████████████████████████████████████████| 345/345 [09:41<00:00,  1.68s/it]
Loss Epoch: 19 Value: 59.92223936803099
Updated
Training Procedure: 100%|████████████████████████████████████████████████████████████████████████████████████| 345/345 [09:41<00:00,  1.68s/it]
Loss Epoch: 20 Value: 59.0058048951453
Updated
Training Procedure: 100%|████████████████████████████████████████████████████████████████████████████████████| 345/345 [09:41<00:00,  1.68s/it]
Loss Epoch: 21 Value: 58.302297014257185
Updated
Training Procedure: 100%|████████████████████████████████████████████████████████████████████████████████████| 345/345 [09:41<00:00,  1.68s/it]
Loss Epoch: 22 Value: 57.73719951242641
Updated
Training Procedure: 100%|████████████████████████████████████████████████████████████████████████████████████| 345/345 [09:41<00:00,  1.68s/it]
Loss Epoch: 23 Value: 57.211024257411125
Updated
Training Procedure: 100%|████████████████████████████████████████████████████████████████████████████████████| 345/345 [09:41<00:00,  1.68s/it]
Loss Epoch: 24 Value: 56.75559680202733
Updated
Training Procedure: 100%|████████████████████████████████████████████████████████████████████████████████████| 345/345 [09:39<00:00,  1.68s/it]
Loss Epoch: 25 Value: 56.32677788302518
Updated
Training Procedure: 100%|████████████████████████████████████████████████████████████████████████████████████| 345/345 [09:40<00:00,  1.68s/it]
Loss Epoch: 26 Value: 55.94520847313646
Updated
Training Procedure: 100%|████████████████████████████████████████████████████████████████████████████████████| 345/345 [09:40<00:00,  1.68s/it]
Loss Epoch: 27 Value: 55.57755115550497
Updated
Training Procedure: 100%|████████████████████████████████████████████████████████████████████████████████████| 345/345 [09:40<00:00,  1.68s/it]
Loss Epoch: 28 Value: 55.204869311443275
Updated
Training Procedure: 100%|████████████████████████████████████████████████████████████████████████████████████| 345/345 [09:40<00:00,  1.68s/it]
Loss Epoch: 29 Value: 54.92680143187012
Updated
Training Procedure: 100%|████████████████████████████████████████████████████████████████████████████████████| 345/345 [09:40<00:00,  1.68s/it]
Loss Epoch: 30 Value: 54.577041629086374
Updated
Training Procedure: 100%|████████████████████████████████████████████████████████████████████████████████████| 345/345 [09:40<00:00,  1.68s/it]
Loss Epoch: 31 Value: 54.31024479313173
Updated
Training Procedure: 100%|████████████████████████████████████████████████████████████████████████████████████| 345/345 [09:39<00:00,  1.68s/it]
Loss Epoch: 32 Value: 54.035809426549555
Updated
Training Procedure: 100%|████████████████████████████████████████████████████████████████████████████████████| 345/345 [09:40<00:00,  1.68s/it]
Loss Epoch: 33 Value: 53.76897002614063
Updated
Training Procedure: 100%|████████████████████████████████████████████████████████████████████████████████████| 345/345 [09:40<00:00,  1.68s/it]
Loss Epoch: 34 Value: 53.546498198094575
Updated
Training Procedure: 100%|████████████████████████████████████████████████████████████████████████████████████| 345/345 [09:39<00:00,  1.68s/it]
Loss Epoch: 35 Value: 53.32635748783748
Updated
Training Procedure: 100%|████████████████████████████████████████████████████████████████████████████████████| 345/345 [09:40<00:00,  1.68s/it]
Loss Epoch: 36 Value: 53.11948924876641
Updated
Training Procedure: 100%|████████████████████████████████████████████████████████████████████████████████████| 345/345 [09:39<00:00,  1.68s/it]
Loss Epoch: 37 Value: 52.89016206091729
Updated
Training Procedure: 100%|████████████████████████████████████████████████████████████████████████████████████| 345/345 [09:40<00:00,  1.68s/it]
Loss Epoch: 38 Value: 52.70761480642402
Updated
Training Procedure: 100%|████████████████████████████████████████████████████████████████████████████████████| 345/345 [09:39<00:00,  1.68s/it]
Loss Epoch: 39 Value: 52.58117415628571
Updated
Training Procedure: 100%|████████████████████████████████████████████████████████████████████████████████████| 345/345 [09:39<00:00,  1.68s/it]
Loss Epoch: 40 Value: 52.35607381247092
Updated
Training Procedure: 100%|████████████████████████████████████████████████████████████████████████████████████| 345/345 [09:39<00:00,  1.68s/it]
Loss Epoch: 41 Value: 52.21972022730371
Updated
Training Procedure: 100%|████████████████████████████████████████████████████████████████████████████████████| 345/345 [09:39<00:00,  1.68s/it]
Loss Epoch: 42 Value: 52.08211527682733
Updated
Training Procedure: 100%|████████████████████████████████████████████████████████████████████████████████████| 345/345 [09:38<00:00,  1.68s/it]
Loss Epoch: 43 Value: 51.89747442076172
Updated
Training Procedure: 100%|████████████████████████████████████████████████████████████████████████████████████| 345/345 [09:39<00:00,  1.68s/it]
Loss Epoch: 44 Value: 51.754652973534405
Updated
Training Procedure: 100%|████████████████████████████████████████████████████████████████████████████████████| 345/345 [09:40<00:00,  1.68s/it]
Loss Epoch: 45 Value: 51.627554062656735
Updated
Training Procedure: 100%|████████████████████████████████████████████████████████████████████████████████████| 345/345 [09:39<00:00,  1.68s/it]
Loss Epoch: 46 Value: 51.49989711322646
Updated
Training Procedure: 100%|████████████████████████████████████████████████████████████████████████████████████| 345/345 [09:40<00:00,  1.68s/it]
Loss Epoch: 47 Value: 51.34538908695829
Updated
Training Procedure: 100%|████████████████████████████████████████████████████████████████████████████████████| 345/345 [09:39<00:00,  1.68s/it]
Loss Epoch: 48 Value: 51.25014478607454
Updated
Training Procedure: 100%|████████████████████████████████████████████████████████████████████████████████████| 345/345 [09:40<00:00,  1.68s/it]
Loss Epoch: 49 Value: 51.12684511360915
Updated
Training Procedure: 100%|████████████████████████████████████████████████████████████████████████████████████| 345/345 [09:41<00:00,  1.68s/it]
Loss Epoch: 50 Value: 50.98418244468993
Updated
Training Procedure: 100%|████████████████████████████████████████████████████████████████████████████████████| 345/345 [09:39<00:00,  1.68s/it]
Loss Epoch: 51 Value: 50.86723149375639
Updated
Training Procedure: 100%|████████████████████████████████████████████████████████████████████████████████████| 345/345 [09:39<00:00,  1.68s/it]
Loss Epoch: 52 Value: 50.76180847986885
Updated
Training Procedure: 100%|████████████████████████████████████████████████████████████████████████████████████| 345/345 [09:39<00:00,  1.68s/it]
Loss Epoch: 53 Value: 50.67118080906246
Updated
Training Procedure: 100%|████████████████████████████████████████████████████████████████████████████████████| 345/345 [09:39<00:00,  1.68s/it]
Loss Epoch: 54 Value: 50.579350099010746
Updated
Training Procedure: 100%|████████████████████████████████████████████████████████████████████████████████████| 345/345 [09:40<00:00,  1.68s/it]
Loss Epoch: 55 Value: 50.43478107400563
Updated
Training Procedure: 100%|████████████████████████████████████████████████████████████████████████████████████| 345/345 [09:41<00:00,  1.69s/it]
Loss Epoch: 56 Value: 50.41670907718548
Updated
Training Procedure: 100%|████████████████████████████████████████████████████████████████████████████████████| 345/345 [09:40<00:00,  1.68s/it]
Loss Epoch: 57 Value: 50.26236022244329
Updated
Training Procedure: 100%|████████████████████████████████████████████████████████████████████████████████████| 345/345 [09:40<00:00,  1.68s/it]
Loss Epoch: 58 Value: 50.180367374074635
Updated
Training Procedure: 100%|████████████████████████████████████████████████████████████████████████████████████| 345/345 [09:40<00:00,  1.68s/it]
Loss Epoch: 59 Value: 50.08319179597108
Updated
Training Procedure: 100%|████████████████████████████████████████████████████████████████████████████████████| 345/345 [09:40<00:00,  1.68s/it]
Loss Epoch: 60 Value: 50.020415710366294
Updated
Training Procedure: 100%|████████████████████████████████████████████████████████████████████████████████████| 345/345 [09:40<00:00,  1.68s/it]
Loss Epoch: 61 Value: 49.89049422810043
Updated
Training Procedure: 100%|████████████████████████████████████████████████████████████████████████████████████| 345/345 [09:41<00:00,  1.68s/it]
Loss Epoch: 62 Value: 49.82037549450778
Updated
Training Procedure: 100%|████████████████████████████████████████████████████████████████████████████████████| 345/345 [09:41<00:00,  1.69s/it]
Loss Epoch: 63 Value: 49.748588436064516
Updated
Training Procedure: 100%|████████████████████████████████████████████████████████████████████████████████████| 345/345 [09:40<00:00,  1.68s/it]
Loss Epoch: 64 Value: 49.649394995578824
Updated
Training Procedure: 100%|████████████████████████████████████████████████████████████████████████████████████| 345/345 [09:40<00:00,  1.68s/it]
Loss Epoch: 65 Value: 49.5816636396491
Updated
Training Procedure: 100%|████████████████████████████████████████████████████████████████████████████████████| 345/345 [09:40<00:00,  1.68s/it]
Loss Epoch: 66 Value: 49.46821996353675
Updated
Training Procedure: 100%|████████████████████████████████████████████████████████████████████████████████████| 345/345 [09:39<00:00,  1.68s/it]
Loss Epoch: 67 Value: 49.41548387416895
Updated
Training Procedure: 100%|████████████████████████████████████████████████████████████████████████████████████| 345/345 [09:40<00:00,  1.68s/it]
Loss Epoch: 68 Value: 49.36086663543314
Updated
Training Procedure: 100%|████████████████████████████████████████████████████████████████████████████████████| 345/345 [09:40<00:00,  1.68s/it]
Loss Epoch: 69 Value: 49.28145485943642
Updated
Training Procedure: 100%|████████████████████████████████████████████████████████████████████████████████████| 345/345 [09:40<00:00,  1.68s/it]
Loss Epoch: 70 Value: 49.19597373699796
Updated
Training Procedure: 100%|████████████████████████████████████████████████████████████████████████████████████| 345/345 [09:40<00:00,  1.68s/it]
Loss Epoch: 71 Value: 49.14334526476653
Updated
Training Procedure: 100%|████████████████████████████████████████████████████████████████████████████████████| 345/345 [09:40<00:00,  1.68s/it]
Loss Epoch: 72 Value: 49.08226113008416
Updated
Training Procedure: 100%|████████████████████████████████████████████████████████████████████████████████████| 345/345 [09:40<00:00,  1.68s/it]
Loss Epoch: 73 Value: 49.002384571407156
Updated
Training Procedure: 100%|████████████████████████████████████████████████████████████████████████████████████| 345/345 [09:39<00:00,  1.68s/it]
Loss Epoch: 74 Value: 48.90202192828275
Updated
Training Procedure: 100%|████████████████████████████████████████████████████████████████████████████████████| 345/345 [09:40<00:00,  1.68s/it]
Loss Epoch: 75 Value: 48.83949211680371
Updated
Training Procedure: 100%|████████████████████████████████████████████████████████████████████████████████████| 345/345 [09:40<00:00,  1.68s/it]
Loss Epoch: 76 Value: 48.820903833016104
Updated
Training Procedure: 100%|████████████████████████████████████████████████████████████████████████████████████| 345/345 [09:40<00:00,  1.68s/it]
Loss Epoch: 77 Value: 48.75327765215998
Updated
Training Procedure: 100%|████████████████████████████████████████████████████████████████████████████████████| 345/345 [09:40<00:00,  1.68s/it]
Loss Epoch: 78 Value: 48.66543712201326
Updated
Training Procedure: 100%|████████████████████████████████████████████████████████████████████████████████████| 345/345 [09:40<00:00,  1.68s/it]
Loss Epoch: 79 Value: 48.61489557407904
Updated
Training Procedure: 100%|████████████████████████████████████████████████████████████████████████████████████| 345/345 [09:40<00:00,  1.68s/it]
Loss Epoch: 80 Value: 48.54947965732519
Updated
Training Procedure: 100%|████████████████████████████████████████████████████████████████████████████████████| 345/345 [09:39<00:00,  1.68s/it]
Loss Epoch: 81 Value: 48.47533193636632
Updated
Training Procedure: 100%|████████████████████████████████████████████████████████████████████████████████████| 345/345 [09:40<00:00,  1.68s/it]
Loss Epoch: 82 Value: 48.43717647117117
Updated
Training Procedure: 100%|████████████████████████████████████████████████████████████████████████████████████| 345/345 [09:40<00:00,  1.68s/it]
Loss Epoch: 83 Value: 48.383959553552714
Updated
Training Procedure: 100%|████████████████████████████████████████████████████████████████████████████████████| 345/345 [09:40<00:00,  1.68s/it]
Loss Epoch: 84 Value: 48.310378985474074
Updated
Training Procedure: 100%|████████████████████████████████████████████████████████████████████████████████████| 345/345 [09:40<00:00,  1.68s/it]
Loss Epoch: 85 Value: 48.27322037306385
Updated
Training Procedure: 100%|████████████████████████████████████████████████████████████████████████████████████| 345/345 [09:41<00:00,  1.68s/it]
Loss Epoch: 86 Value: 48.21379637528157
Updated
Training Procedure: 100%|████████████████████████████████████████████████████████████████████████████████████| 345/345 [09:40<00:00,  1.68s/it]
Loss Epoch: 87 Value: 48.14766030622565
Updated
Training Procedure: 100%|████████████████████████████████████████████████████████████████████████████████████| 345/345 [09:40<00:00,  1.68s/it]
Loss Epoch: 88 Value: 48.06140432254128
Updated
Training Procedure: 100%|█████████████████████████████████████████████████████████████████████████████████████████████████████████████████| 345/345 [09:40<00:00,  1.68s/it]
Loss Epoch: 89 Value: 48.040796082779984
Updated
Training Procedure: 100%|█████████████████████████████████████████████████████████████████████████████████████████████████████████████████| 345/345 [09:41<00:00,  1.68s/it]
Loss Epoch: 90 Value: 48.00117934164793
Updated
Training Procedure: 100%|█████████████████████████████████████████████████████████████████████████████████████████████████████████████████| 345/345 [09:41<00:00,  1.68s/it]
Loss Epoch: 91 Value: 47.926109712365744
Updated
Training Procedure: 100%|█████████████████████████████████████████████████████████████████████████████████████████████████████████████████| 345/345 [09:41<00:00,  1.68s/it]
Loss Epoch: 92 Value: 47.880241885219796
Updated
Training Procedure: 100%|█████████████████████████████████████████████████████████████████████████████████████████████████████████████████| 345/345 [09:41<00:00,  1.68s/it]
Loss Epoch: 93 Value: 47.863009527282436
Updated
Training Procedure: 100%|█████████████████████████████████████████████████████████████████████████████████████████████████████████████████| 345/345 [09:41<00:00,  1.68s/it]
Loss Epoch: 94 Value: 47.785152351683465
Updated
Training Procedure: 100%|█████████████████████████████████████████████████████████████████████████████████████████████████████████████████| 345/345 [09:40<00:00,  1.68s/it]
Loss Epoch: 95 Value: 47.72207037417785
Updated
Training Procedure: 100%|█████████████████████████████████████████████████████████████████████████████████████████████████████████████████| 345/345 [09:41<00:00,  1.69s/it]
Loss Epoch: 96 Value: 47.72384785120038
Training Procedure: 100%|█████████████████████████████████████████████████████████████████████████████████████████████████████████████████| 345/345 [09:41<00:00,  1.68s/it]
Loss Epoch: 97 Value: 47.693476301863576
Updated
Training Procedure: 100%|█████████████████████████████████████████████████████████████████████████████████████████████████████████████████| 345/345 [09:41<00:00,  1.68s/it]
Loss Epoch: 98 Value: 47.64294994188392
Updated
Training Procedure: 100%|█████████████████████████████████████████████████████████████████████████████████████████████████████████████████| 345/345 [09:40<00:00,  1.68s/it]
Loss Epoch: 99 Value: 47.55888051122859
Updated
Training Procedure: 100%|█████████████████████████████████████████████████████████████████████████████████████████████████████████████████| 345/345 [09:41<00:00,  1.68s/it]
Loss Epoch: 100 Value: 47.512969513906945
Updated
Training Procedure: 100%|█████████████████████████████████████████████████████████████████████████████████████████████████████████████████| 345/345 [09:41<00:00,  1.69s/it]
Loss Epoch: 101 Value: 47.51898893722589
Training Procedure: 100%|█████████████████████████████████████████████████████████████████████████████████████████████████████████████████| 345/345 [09:41<00:00,  1.69s/it]
Loss Epoch: 102 Value: 47.46551238954931
Updated
Training Procedure: 100%|█████████████████████████████████████████████████████████████████████████████████████████████████████████████████| 345/345 [09:41<00:00,  1.69s/it]
Loss Epoch: 103 Value: 47.38775330885597
Updated
Training Procedure: 100%|█████████████████████████████████████████████████████████████████████████████████████████████████████████████████| 345/345 [09:41<00:00,  1.69s/it]
Loss Epoch: 104 Value: 47.39096600024597
Training Procedure: 100%|█████████████████████████████████████████████████████████████████████████████████████████████████████████████████| 345/345 [09:41<00:00,  1.69s/it]
Loss Epoch: 105 Value: 47.33914119575335
Updated
Training Procedure: 100%|█████████████████████████████████████████████████████████████████████████████████████████████████████████████████| 345/345 [09:40<00:00,  1.68s/it]
Loss Epoch: 106 Value: 47.299724339747776
Updated
Training Procedure: 100%|█████████████████████████████████████████████████████████████████████████████████████████████████████████████████| 345/345 [09:41<00:00,  1.69s/it]
Loss Epoch: 107 Value: 47.29284917548083
Updated
Training Procedure: 100%|█████████████████████████████████████████████████████████████████████████████████████████████████████████████████| 345/345 [09:42<00:00,  1.69s/it]
Loss Epoch: 108 Value: 47.296170202891034
Training Procedure: 100%|█████████████████████████████████████████████████████████████████████████████████████████████████████████████████| 345/345 [09:41<00:00,  1.69s/it]
Loss Epoch: 109 Value: 47.23393571290417
Updated
Training Procedure: 100%|█████████████████████████████████████████████████████████████████████████████████████████████████████████████████| 345/345 [09:41<00:00,  1.69s/it]
Loss Epoch: 110 Value: 47.21968758278999
Updated
Training Procedure: 100%|█████████████████████████████████████████████████████████████████████████████████████████████████████████████████| 345/345 [09:41<00:00,  1.69s/it]
Loss Epoch: 111 Value: 47.153070798991386
Updated
Training Procedure: 100%|█████████████████████████████████████████████████████████████████████████████████████████████████████████████████| 345/345 [09:41<00:00,  1.69s/it]
Loss Epoch: 112 Value: 47.11076295548591
Updated
Training Procedure: 100%|█████████████████████████████████████████████████████████████████████████████████████████████████████████████████| 345/345 [09:41<00:00,  1.68s/it]
Loss Epoch: 113 Value: 47.123456051384196
Training Procedure: 100%|█████████████████████████████████████████████████████████████████████████████████████████████████████████████████| 345/345 [09:41<00:00,  1.69s/it]
Loss Epoch: 114 Value: 47.10072071569553
Updated
Training Procedure: 100%|█████████████████████████████████████████████████████████████████████████████████████████████████████████████████| 345/345 [09:41<00:00,  1.69s/it]
Loss Epoch: 115 Value: 47.071924337787905
Updated
Training Procedure: 100%|█████████████████████████████████████████████████████████████████████████████████████████████████████████████████| 345/345 [09:41<00:00,  1.69s/it]
Loss Epoch: 116 Value: 47.01915995711865
Updated
Training Procedure: 100%|█████████████████████████████████████████████████████████████████████████████████████████████████████████████████| 345/345 [09:41<00:00,  1.69s/it]
Loss Epoch: 117 Value: 46.998666048222695
Updated
Training Procedure: 100%|█████████████████████████████████████████████████████████████████████████████████████████████████████████████████| 345/345 [09:41<00:00,  1.69s/it]
Loss Epoch: 118 Value: 46.96508993169536
Updated
Training Procedure: 100%|█████████████████████████████████████████████████████████████████████████████████████████████████████████████████| 345/345 [09:41<00:00,  1.69s/it]
Loss Epoch: 119 Value: 46.9334756448649
Updated
Training Procedure: 100%|█████████████████████████████████████████████████████████████████████████████████████████████████████████████████| 345/345 [09:40<00:00,  1.68s/it]
Loss Epoch: 120 Value: 46.97134388460629
Training Procedure: 100%|█████████████████████████████████████████████████████████████████████████████████████████████████████████████████| 345/345 [09:41<00:00,  1.69s/it]
Loss Epoch: 121 Value: 46.89622205392174
Updated
Traceback (most recent call last):                                                                                                             /345 [09:41<00:00,  1.53s/it]
Loss Epoch: 122 Value: 46.87868674768918
  File "/home/cboned/miniconda3/envs/graphocr/lib/python3.10/site-packages/torch/serialization.py", line 850, in save
    _save(
  File "/home/cboned/miniconda3/envs/graphocr/lib/python3.10/site-packages/torch/serialization.py", line 1114, in _save
    zip_file.write_record(name, storage, num_bytes)
RuntimeError: [enforce fail at inline_container.cc:778] . PytorchStreamWriter failed writing file data/0: file write failed

During handling of the above exception, another exception occurred:

Traceback (most recent call last):
  File "/home/cboned/Projects/OCR-Koopman/main_lkis.py", line 307, in <module>
    main(cfg=cfg)
