Config of the encoder: <class 'transformers.models.vit.modeling_vit.ViTModel'> is overwritten by shared encoder config: ViTConfig {
  "attention_probs_dropout_prob": 0.0,
  "encoder_stride": 16,
  "hidden_act": "gelu",
  "hidden_dropout_prob": 0.0,
  "hidden_size": 768,
  "image_size": 384,
  "initializer_range": 0.02,
  "intermediate_size": 3072,
  "layer_norm_eps": 1e-12,
  "model_type": "vit",
  "num_attention_heads": 12,
  "num_channels": 3,
  "num_hidden_layers": 12,
  "patch_size": 16,
  "pooler_act": "tanh",
  "pooler_output_size": 768,
  "qkv_bias": false,
  "torch_dtype": "float32",
  "transformers_version": "4.51.1"
}

Config of the decoder: <class 'transformers.models.trocr.modeling_trocr.TrOCRForCausalLM'> is overwritten by shared decoder config: TrOCRConfig {
  "activation_dropout": 0.0,
  "activation_function": "relu",
  "add_cross_attention": true,
  "attention_dropout": 0.0,
  "bos_token_id": 0,
  "classifier_dropout": 0.0,
  "cross_attention_hidden_size": 768,
  "d_model": 1024,
  "decoder_attention_heads": 16,
  "decoder_ffn_dim": 4096,
  "decoder_layerdrop": 0.0,
  "decoder_layers": 12,
  "decoder_start_token_id": 2,
  "dropout": 0.1,
  "eos_token_id": 2,
  "init_std": 0.02,
  "is_decoder": true,
  "layernorm_embedding": false,
  "max_position_embeddings": 1024,
  "model_type": "trocr",
  "pad_token_id": 1,
  "scale_embedding": true,
  "tie_word_embeddings": false,
  "torch_dtype": "float32",
  "transformers_version": "4.51.1",
  "use_cache": false,
  "use_learned_position_embeddings": false,
  "vocab_size": 50265
}

Traceback (most recent call last):
  File "/home/cboned/miniconda3/envs/graphocr/lib/python3.10/site-packages/hydra/_internal/instantiate/_instantiate2.py", line 92, in _call_target
    return _target_(*args, **kwargs)
  File "/home/cboned/Projects/OCR-Koopman/datasets/esposalles_dataset.py", line 27, in __init__
    self.blank_token_id = tokenizer.blank_token_id
  File "/home/cboned/miniconda3/envs/graphocr/lib/python3.10/site-packages/transformers/tokenization_utils_base.py", line 1108, in __getattr__
    raise AttributeError(f"{self.__class__.__name__} has no attribute {key}")
AttributeError: RobertaTokenizerFast has no attribute blank_token_id

The above exception was the direct cause of the following exception:

Traceback (most recent call last):
  File "/home/cboned/Projects/OCR-Koopman/main_lkis.py", line 309, in <module>
    main(cfg=cfg)
  File "/home/cboned/Projects/OCR-Koopman/main_lkis.py", line 211, in main
    dataset = instantiate(
  File "/home/cboned/miniconda3/envs/graphocr/lib/python3.10/site-packages/hydra/_internal/instantiate/_instantiate2.py", line 226, in instantiate
    return instantiate_node(
  File "/home/cboned/miniconda3/envs/graphocr/lib/python3.10/site-packages/hydra/_internal/instantiate/_instantiate2.py", line 347, in instantiate_node
    return _call_target(_target_, partial, args, kwargs, full_key)
  File "/home/cboned/miniconda3/envs/graphocr/lib/python3.10/site-packages/hydra/_internal/instantiate/_instantiate2.py", line 97, in _call_target
    raise InstantiationException(msg) from e
hydra.errors.InstantiationException: Error in call to target 'datasets.esposalles_dataset.EsposallesDatasetForHtr':
AttributeError('RobertaTokenizerFast has no attribute blank_token_id')
full_key: data.dataset.Esposalles
