Some weights of ViTForImageClassification were not initialized from the model checkpoint at google/vit-base-patch16-224-in21k and are newly initialized: ['classifier.bias', 'classifier.weight']
You should probably TRAIN this model on a down-stream task to be able to use it for predictions and inference.
CREATING THE BASELINE METRIC VALUE
 STARTING TO EVALUATE FO THE FIRST TIME
val Procedure: 24it [00:40,  1.68s/it]
Training Procedure: 100%|████████████████████████████████████████████████████████████████████████████████████| 5004/5004 [4:14:29<00:00,  3.05s/it]
Validation Loss Epoch: 0 Value: 6.913411407470703 Optimal_loss: 6.913411407470703
val Procedure: 24it [00:42,  1.78s/it]███████████████████████████████████████████████████████████████████████| 5004/5004 [4:14:29<00:00,  2.60s/it]
Loss Epoch: 1 Value: 6.820705991378315
Training Procedure: 100%|████████████████████████████████████████████████████████████████████████████████████| 5004/5004 [4:15:50<00:00,  3.07s/it]
Model Updated: Validation Loss Epoch: 0 Value: 6.617635688781738 Optimal_loss: 6.617635688781738
val Procedure: 24it [00:41,  1.75s/it]███████████████████████████████████████████████████████████████████████| 5004/5004 [4:15:50<00:00,  2.37s/it]
Loss Epoch: 2 Value: 6.096896269529177
Training Procedure: 100%|████████████████████████████████████████████████████████████████████████████████████| 5004/5004 [4:14:45<00:00,  3.05s/it]
Model Updated: Validation Loss Epoch: 0 Value: 5.528552532196045 Optimal_loss: 5.528552532196045
val Procedure: 24it [00:44,  1.84s/it]███████████████████████████████████████████████████████████████████████| 5004/5004 [4:14:45<00:00,  2.54s/it]
Loss Epoch: 3 Value: 4.547090835184407
Training Procedure: 100%|████████████████████████████████████████████████████████████████████████████████████| 5004/5004 [4:40:27<00:00,  3.36s/it]
Model Updated: Validation Loss Epoch: 0 Value: 3.682515106201172 Optimal_loss: 3.682515106201172
val Procedure: 24it [00:49,  2.05s/it]███████████████████████████████████████████████████████████████████████| 5004/5004 [4:40:26<00:00,  2.57s/it]
Loss Epoch: 4 Value: 2.335564925635366
Training Procedure: 100%|████████████████████████████████████████████████████████████████████████████████████| 5004/5004 [5:05:11<00:00,  3.66s/it]
Model Updated: Validation Loss Epoch: 0 Value: 1.5941202688217162 Optimal_loss: 1.5941202688217162
val Procedure: 24it [00:49,  2.04s/it]███████████████████████████████████████████████████████████████████████| 5004/5004 [5:05:11<00:00,  2.51s/it]
Loss Epoch: 5 Value: 0.8747721607986686
Training Procedure: 100%|████████████████████████████████████████████████████████████████████████████████████| 5004/5004 [5:04:38<00:00,  3.65s/it]
Model Updated: Validation Loss Epoch: 0 Value: 0.8964938950538636 Optimal_loss: 0.8964938950538636
val Procedure: 24it [00:42,  1.79s/it]███████████████████████████████████████████████████████████████████████| 5004/5004 [5:04:37<00:00,  2.56s/it]
Loss Epoch: 6 Value: 0.5124144576888957
Training Procedure: 100%|████████████████████████████████████████████████████████████████████████████████████| 5004/5004 [4:38:47<00:00,  3.34s/it]
Model Updated: Validation Loss Epoch: 0 Value: 0.7307917630672455 Optimal_loss: 0.7307917630672455
val Procedure: 24it [00:38,  1.59s/it]███████████████████████████████████████████████████████████████████████| 5004/5004 [4:38:46<00:00,  3.62s/it]
Loss Epoch: 7 Value: 0.3968201955105904
Training Procedure: 100%|████████████████████████████████████████████████████████████████████████████████████| 5004/5004 [4:25:08<00:00,  3.18s/it]
Model Updated: Validation Loss Epoch: 0 Value: 0.7082625150680542 Optimal_loss: 0.7082625150680542
val Procedure: 24it [00:42,  1.76s/it]███████████████████████████████████████████████████████████████████████| 5004/5004 [4:25:07<00:00,  2.60s/it]
Loss Epoch: 8 Value: 0.32779773185960204
Training Procedure: 100%|████████████████████████████████████████████████████████████████████████████████████| 5004/5004 [4:59:15<00:00,  3.59s/it]
val Procedure: 24it [00:41,  1.75s/it]███████████████████████████████████████████████████████████████████████| 5004/5004 [4:59:14<00:00,  2.67s/it]
Loss Epoch: 9 Value: 0.27651830007739775
Training Procedure:  31%|█████████████████████████▋                                                        | 1569/5004 [1:34:05<3:26:00,  3.60s/it]
Traceback (most recent call last):                                                                                                                 
  File "/home/cboned/miniconda3/envs/graphocr/lib/python3.10/site-packages/PIL/ImageFile.py", line 643, in _save
    fh = fp.fileno()
AttributeError: '_idat' object has no attribute 'fileno'

During handling of the above exception, another exception occurred:

Traceback (most recent call last):
  File "/home/cboned/Projects/OCR-Koopman/main_classification.py", line 205, in <module>
  File "/home/cboned/Projects/OCR-Koopman/main_classification.py", line 123, in main
    dataloader=train_dloader,
  File "/home/cboned/Projects/OCR-Koopman/train.py", line 80, in train_classification_task
    "loss_stability_iter": metrics_iter["loss_stability_iter"] + losses_desglosed["loss_stability"],
  File "/home/cboned/miniconda3/envs/graphocr/lib/python3.10/site-packages/wandb/sdk/data_types/image.py", line 178, in __init__
    self._initialize_from_data(data_or_path, mode, file_type)
  File "/home/cboned/miniconda3/envs/graphocr/lib/python3.10/site-packages/wandb/sdk/data_types/image.py", line 338, in _initialize_from_data
    self._image.save(tmp_path, transparency=None)
  File "/home/cboned/miniconda3/envs/graphocr/lib/python3.10/site-packages/PIL/Image.py", line 2581, in save
    save_handler(self, fp, filename)
  File "/home/cboned/miniconda3/envs/graphocr/lib/python3.10/site-packages/PIL/PngImagePlugin.py", line 1492, in _save
    ImageFile._save(
  File "/home/cboned/miniconda3/envs/graphocr/lib/python3.10/site-packages/PIL/ImageFile.py", line 647, in _save
    _encode_tile(im, fp, tile, bufsize, None, exc)
  File "/home/cboned/miniconda3/envs/graphocr/lib/python3.10/site-packages/PIL/ImageFile.py", line 674, in _encode_tile
    fp.write(data)
  File "/home/cboned/miniconda3/envs/graphocr/lib/python3.10/site-packages/PIL/PngImagePlugin.py", line 1136, in write
    self.chunk(self.fp, b"IDAT", data)
  File "/home/cboned/miniconda3/envs/graphocr/lib/python3.10/site-packages/PIL/PngImagePlugin.py", line 1123, in putchunk
    fp.write(byte_data)
OSError: [Errno 28] No space left on device
