Traceback (most recent call last):
  File "/home/cboned/miniconda3/envs/graphocr/lib/python3.10/site-packages/transformers/utils/hub.py", line 424, in cached_files
    hf_hub_download(
  File "/home/cboned/miniconda3/envs/graphocr/lib/python3.10/site-packages/huggingface_hub/utils/_validators.py", line 106, in _inner_fn
    validate_repo_id(arg_value)
  File "/home/cboned/miniconda3/envs/graphocr/lib/python3.10/site-packages/huggingface_hub/utils/_validators.py", line 154, in validate_repo_id
    raise HFValidationError(
huggingface_hub.errors.HFValidationError: Repo id must be in the form 'repo_name' or 'namespace/repo_name': '/data/users/cboned/checkpoints/VIT_imagenet_first_train_reduced.pt'. Use `repo_type` argument if needed.

During handling of the above exception, another exception occurred:

Traceback (most recent call last):
  File "/home/cboned/Projects/OCR-Koopman/main_classification_ode.py", line 213, in <module>
    main(cfg=cfg)
  File "/home/cboned/Projects/OCR-Koopman/main_classification_ode.py", line 61, in main
    model = ViTForImageClassification.from_pretrained(base_checkpoint_path)
  File "/home/cboned/miniconda3/envs/graphocr/lib/python3.10/site-packages/transformers/modeling_utils.py", line 279, in _wrapper
    return func(*args, **kwargs)
  File "/home/cboned/miniconda3/envs/graphocr/lib/python3.10/site-packages/transformers/modeling_utils.py", line 4078, in from_pretrained
    resolved_config_file = cached_file(
  File "/home/cboned/miniconda3/envs/graphocr/lib/python3.10/site-packages/transformers/utils/hub.py", line 266, in cached_file
    file = cached_files(path_or_repo_id=path_or_repo_id, filenames=[filename], **kwargs)
  File "/home/cboned/miniconda3/envs/graphocr/lib/python3.10/site-packages/transformers/utils/hub.py", line 470, in cached_files
    resolved_files = [
  File "/home/cboned/miniconda3/envs/graphocr/lib/python3.10/site-packages/transformers/utils/hub.py", line 471, in <listcomp>
    _get_cache_file_to_return(path_or_repo_id, filename, cache_dir, revision) for filename in full_filenames
  File "/home/cboned/miniconda3/envs/graphocr/lib/python3.10/site-packages/transformers/utils/hub.py", line 134, in _get_cache_file_to_return
    resolved_file = try_to_load_from_cache(path_or_repo_id, full_filename, cache_dir=cache_dir, revision=revision)
  File "/home/cboned/miniconda3/envs/graphocr/lib/python3.10/site-packages/huggingface_hub/utils/_validators.py", line 106, in _inner_fn
    validate_repo_id(arg_value)
  File "/home/cboned/miniconda3/envs/graphocr/lib/python3.10/site-packages/huggingface_hub/utils/_validators.py", line 154, in validate_repo_id
    raise HFValidationError(
huggingface_hub.errors.HFValidationError: Repo id must be in the form 'repo_name' or 'namespace/repo_name': '/data/users/cboned/checkpoints/VIT_imagenet_first_train_reduced.pt'. Use `repo_type` argument if needed.
