Some weights of ViTForImageClassification were not initialized from the model checkpoint at google/vit-base-patch16-224-in21k and are newly initialized: ['classifier.bias', 'classifier.weight']
You should probably TRAIN this model on a down-stream task to be able to use it for predictions and inference.
CREATING THE BASELINE METRIC VALUE
 STARTING TO EVALUATE FO THE FIRST TIME
val Procedure: 24it [00:52,  2.17s/it]
Training Procedure: 100%|████████████████████████████████████████████████████████████████████████████████████████████████████████████████████████████████████████████████████| 248/248 [16:01<00:00,  3.88s/it]
Validation Loss Epoch: 0 Value: 4.616921405792237 Optimal_loss: 4.616921405792237
val Procedure: 24it [00:43,  1.83s/it]███████████████████████████████████████████████████████████████████████████████████████████████████████████████████████████████████████| 248/248 [16:01<00:00,  1.52s/it]
Loss Epoch: 1 Value: 4.6105064153671265
Training Procedure:   8%|███████████▍                                                                                                                                         | 19/248 [01:13<14:45,  3.87s/it]
Model Updated: Validation Loss Epoch: 0 Value: 4.6038454818725585 Optimal_loss: 4.6038454818725585
Traceback (most recent call last):                                                                                                                                                                             
  File "/home/cboned/miniconda3/envs/graphocr/lib/python3.10/site-packages/PIL/ImageFile.py", line 643, in _save
    fh = fp.fileno()
AttributeError: '_idat' object has no attribute 'fileno'

During handling of the above exception, another exception occurred:

Traceback (most recent call last):
  File "/home/cboned/Projects/OCR-Koopman/main_classification.py", line 204, in <module>
    main(cfg=cfg)
  File "/home/cboned/Projects/OCR-Koopman/main_classification.py", line 123, in main
    _, train_loss = train_classification_task(
  File "/home/cboned/Projects/OCR-Koopman/train.py", line 80, in train_classification_task
    ground_truth_image = Image(image)
  File "/home/cboned/miniconda3/envs/graphocr/lib/python3.10/site-packages/wandb/sdk/data_types/image.py", line 178, in __init__
    self._initialize_from_data(data_or_path, mode, file_type)
  File "/home/cboned/miniconda3/envs/graphocr/lib/python3.10/site-packages/wandb/sdk/data_types/image.py", line 338, in _initialize_from_data
    self._image.save(tmp_path, transparency=None)
  File "/home/cboned/miniconda3/envs/graphocr/lib/python3.10/site-packages/PIL/Image.py", line 2581, in save
    save_handler(self, fp, filename)
  File "/home/cboned/miniconda3/envs/graphocr/lib/python3.10/site-packages/PIL/PngImagePlugin.py", line 1492, in _save
    ImageFile._save(
  File "/home/cboned/miniconda3/envs/graphocr/lib/python3.10/site-packages/PIL/ImageFile.py", line 647, in _save
    _encode_tile(im, fp, tile, bufsize, None, exc)
  File "/home/cboned/miniconda3/envs/graphocr/lib/python3.10/site-packages/PIL/ImageFile.py", line 673, in _encode_tile
    errcode, data = encoder.encode(bufsize)[1:]
KeyboardInterrupt
